<testsuite failures="0" name="src/test/java/featureTest/features/userDetails2.feature" skipped="0" tests="3" time="9.6268">
  <testcase classname="src.test.java.featureTest.features.userDetails2" name="user details 3" time="3.88705">
    <system-out>* def expectedOutput = read('../data/result3.json') ....................... passed
* def feature = read('userDetails1.feature') .............................. passed
* def result = call feature ............................................... passed
Given url 'https://reqres.in/api/users/3' ................................. passed
And method GET ............................................................ passed
Then status 200 ........................................................... passed
Then print response ....................................................... passed
And match response == expectedOutput[0] ................................... passed
Then print 'result....',result ............................................ passed
* def first_name = result.response.data.first_name ........................ passed
Then print 'first_name_value---',first_name ............................... passed</system-out>
  </testcase>
  <testcase classname="src.test.java.featureTest.features.userDetails2" name="user details 4" time="1.893963">
    <system-out>* def expectedOutput = read('../data/result3.json') ....................... passed
* def feature = read('userDetails1.feature') .............................. passed
* def result = call feature ............................................... passed
Given url 'https://reqres.in/api/users/3' ................................. passed
And method GET ............................................................ passed
Then status 200 ........................................................... passed
Then print response ....................................................... passed
And match response == expectedOutput[0] ................................... passed
Then print 'result....',result ............................................ passed
* def first_name = result.response.data.first_name ........................ passed
Then print 'first_name_value---',first_name ............................... passed
* def expectedOutput = read('../data/result3.json') ....................... passed
* def feature = read('userDetails1.feature') .............................. passed
* def result = call feature ............................................... passed
Given url 'https://reqres.in/api/users/4' ................................. passed
And method GET ............................................................ passed
Then status 200 ........................................................... passed
Then print response ....................................................... passed</system-out>
  </testcase>
  <testcase classname="src.test.java.featureTest.features.userDetails2" name="user details 5" time="3.845786">
    <system-out>* def expectedOutput = read('../data/result3.json') ....................... passed
* def feature = read('userDetails1.feature') .............................. passed
* def result = call feature ............................................... passed
Given url 'https://reqres.in/api/users/3' ................................. passed
And method GET ............................................................ passed
Then status 200 ........................................................... passed
Then print response ....................................................... passed
And match response == expectedOutput[0] ................................... passed
Then print 'result....',result ............................................ passed
* def first_name = result.response.data.first_name ........................ passed
Then print 'first_name_value---',first_name ............................... passed
* def expectedOutput = read('../data/result3.json') ....................... passed
* def feature = read('userDetails1.feature') .............................. passed
* def result = call feature ............................................... passed
Given url 'https://reqres.in/api/users/4' ................................. passed
And method GET ............................................................ passed
Then status 200 ........................................................... passed
Then print response ....................................................... passed
* def expectedOutput = read('../data/result3.json') ....................... passed
* def feature = read('userDetails1.feature') .............................. passed
* def result = call feature ............................................... passed
Given url 'https://reqres.in/api/users/5' ................................. passed
And method GET ............................................................ passed
Then status 200 ........................................................... passed
Then print response ....................................................... passed</system-out>
  </testcase>
</testsuite>
